<?xml version="1.0" encoding="UTF-8"?>
<!-- Generated by org.testng.reporters.JUnitReportReporter -->
<testsuite hostname="zach-MacBook-Pro.local" name="pl.tomaszdziurko.guava.collect.MultimapTest" tests="3" failures="0" timestamp="30 May 2017 13:41:20 GMT" time="0.011" errors="0">
  <testcase name="multiKeyTest" time="0.000" classname="pl.tomaszdziurko.guava.collect.MultimapTest"/>
  <testcase name="partitionTest" time="0.003" classname="pl.tomaszdziurko.guava.collect.MultimapTest"/>
  <testcase name="shouldTestHowMultimapWorks" time="0.008" classname="pl.tomaszdziurko.guava.collect.MultimapTest"/>
</testsuite> <!-- pl.tomaszdziurko.guava.collect.MultimapTest -->
