<?xml version="1.0" encoding="UTF-8"?>
<!-- Generated by org.testng.reporters.JUnitReportReporter -->
<testsuite hostname="zach-MacBook-Pro.local" name="pl.tomaszdziurko.guava.base.StopwatchTest" tests="2" failures="0" timestamp="30 May 2017 13:41:20 GMT" time="0.083" errors="0">
  <testcase name="shouldCalculateIterationsTime" time="0.073" classname="pl.tomaszdziurko.guava.base.StopwatchTest"/>
  <testcase name="shouldPrintIterationsTime" time="0.010" classname="pl.tomaszdziurko.guava.base.StopwatchTest"/>
</testsuite> <!-- pl.tomaszdziurko.guava.base.StopwatchTest -->
