<?xml version="1.0" encoding="UTF-8"?>
<!-- Generated by org.testng.reporters.JUnitReportReporter -->
<testsuite hostname="zach-MacBook-Pro.local" name="pl.tomaszdziurko.guava.collect.ObjectArraysTest" tests="3" failures="0" timestamp="30 May 2017 13:41:20 GMT" time="0.001" errors="0">
  <testcase name="shouldAppendElement" time="0.001" classname="pl.tomaszdziurko.guava.collect.ObjectArraysTest"/>
  <testcase name="shouldPrependElement" time="0.000" classname="pl.tomaszdziurko.guava.collect.ObjectArraysTest"/>
  <testcase name="shouldContactTwoArrays" time="0.000" classname="pl.tomaszdziurko.guava.collect.ObjectArraysTest"/>
</testsuite> <!-- pl.tomaszdziurko.guava.collect.ObjectArraysTest -->
