<?xml version="1.0" encoding="UTF-8"?>
<!-- Generated by org.testng.reporters.JUnitReportReporter -->
<testsuite hostname="zach-MacBook-Pro.local" name="pl.tomaszdziurko.guava.base.StringsTest" tests="6" failures="0" timestamp="30 May 2017 13:41:20 GMT" time="0.000" errors="0">
  <testcase name="shouldConvertNullToEmpty" time="0.000" classname="pl.tomaszdziurko.guava.base.StringsTest"/>
  <testcase name="shouldPadStart" time="0.000" classname="pl.tomaszdziurko.guava.base.StringsTest"/>
  <testcase name="shouldRepeatGivenString" time="0.000" classname="pl.tomaszdziurko.guava.base.StringsTest"/>
  <testcase name="shouldReturnTrueOnNullString" time="0.000" classname="pl.tomaszdziurko.guava.base.StringsTest"/>
  <testcase name="shouldConvertEmptyToNull" time="0.000" classname="pl.tomaszdziurko.guava.base.StringsTest"/>
  <testcase name="shouldPadEnd" time="0.000" classname="pl.tomaszdziurko.guava.base.StringsTest"/>
</testsuite> <!-- pl.tomaszdziurko.guava.base.StringsTest -->
