<?xml version="1.0" encoding="UTF-8"?>
<!-- Generated by org.testng.reporters.JUnitReportReporter -->
<testsuite hostname="zach-MacBook-Pro.local" name="pl.tomaszdziurko.guava.base.PredicateTest" tests="4" failures="0" timestamp="30 May 2017 13:41:20 GMT" time="0.004" errors="0">
  <testcase name="shouldFindObjectInCollection" time="0.001" classname="pl.tomaszdziurko.guava.base.PredicateTest"/>
  <testcase name="shouldUseCustomPredicate" time="0.002" classname="pl.tomaszdziurko.guava.base.PredicateTest"/>
  <testcase name="shouldComposeTwoPredicates" time="0.001" classname="pl.tomaszdziurko.guava.base.PredicateTest"/>
  <testcase name="shouldCheckPattern" time="0.000" classname="pl.tomaszdziurko.guava.base.PredicateTest"/>
</testsuite> <!-- pl.tomaszdziurko.guava.base.PredicateTest -->
