<?xml version="1.0" encoding="UTF-8"?>
<!-- Generated by org.testng.reporters.JUnitReportReporter -->
<testsuite hostname="zach-MacBook-Pro.local" name="pl.tomaszdziurko.guava.base.ObjectsTest" tests="4" failures="0" timestamp="30 May 2017 13:41:20 GMT" time="0.001" errors="0">
  <testcase name="shouldTestEquals" time="0.000" classname="pl.tomaszdziurko.guava.base.ObjectsTest"/>
  <testcase name="shouldShowHowToStringMethodWorks" time="0.001" classname="pl.tomaszdziurko.guava.base.ObjectsTest"/>
  <testcase name="shouldTestHashcode" time="0.000" classname="pl.tomaszdziurko.guava.base.ObjectsTest"/>
  <testcase name="shouldRenderNameAsDisplayableName" time="0.000" classname="pl.tomaszdziurko.guava.base.ObjectsTest"/>
</testsuite> <!-- pl.tomaszdziurko.guava.base.ObjectsTest -->
