<?xml version="1.0" encoding="UTF-8"?>
<!-- Generated by org.testng.reporters.JUnitReportReporter -->
<testsuite hostname="zach-MacBook-Pro.local" name="pl.tomaszdziurko.guava.collect.BiMapTest" tests="3" failures="0" timestamp="30 May 2017 13:41:20 GMT" time="0.032" errors="0">
  <testcase name="shouldAllowToPutExistingValueWithForcePut" time="0.031" classname="pl.tomaszdziurko.guava.collect.BiMapTest"/>
  <testcase name="shouldNotAllowToPutExistingValue" time="0.000" classname="pl.tomaszdziurko.guava.collect.BiMapTest"/>
  <testcase name="shouldInverseBiMap" time="0.001" classname="pl.tomaszdziurko.guava.collect.BiMapTest"/>
</testsuite> <!-- pl.tomaszdziurko.guava.collect.BiMapTest -->
