<?xml version="1.0" encoding="UTF-8"?>
<!-- Generated by org.testng.reporters.JUnitReportReporter -->
<testsuite hostname="zach-MacBook-Pro.local" name="pl.tomaszdziurko.guava.collect.Collections2Test" tests="4" failures="0" timestamp="30 May 2017 13:41:20 GMT" time="0.036" errors="0">
  <testcase name="shouldTransformCollection" time="0.001" classname="pl.tomaszdziurko.guava.collect.Collections2Test"/>
  <testcase name="shouldShowThatResultIsOnlyAView" time="0.001" classname="pl.tomaszdziurko.guava.collect.Collections2Test"/>
  <testcase name="shouldFilterCountriesOnlyFromAfrica" time="0.004" classname="pl.tomaszdziurko.guava.collect.Collections2Test"/>
  <testcase name="changeListToMultiMap" time="0.030" classname="pl.tomaszdziurko.guava.collect.Collections2Test"/>
</testsuite> <!-- pl.tomaszdziurko.guava.collect.Collections2Test -->
