<?xml version="1.0" encoding="UTF-8"?>
<!-- Generated by org.testng.reporters.JUnitReportReporter -->
<testsuite hostname="zach-MacBook-Pro.local" name="pl.tomaszdziurko.guava.eventbus.EventBusTest" tests="6" failures="0" timestamp="30 May 2017 13:41:20 GMT" time="0.041" errors="0">
  <testcase name="shouldDetectEventWithoutListeners" time="0.037" classname="pl.tomaszdziurko.guava.eventbus.EventBusTest"/>
  <testcase name="shouldGetEventsFromSubclass" time="0.001" classname="pl.tomaszdziurko.guava.eventbus.EventBusTest"/>
  <testcase name="shouldReceiveMultipleEvents" time="0.001" classname="pl.tomaszdziurko.guava.eventbus.EventBusTest"/>
  <testcase name="shouldReceiveEvent" time="0.000" classname="pl.tomaszdziurko.guava.eventbus.EventBusTest"/>
  <testcase name="shouldNotReceiveEventAfterUnsubscribe" time="0.001" classname="pl.tomaszdziurko.guava.eventbus.EventBusTest"/>
  <testcase name="shouldReceiveMultipleEventTypesFromBus" time="0.001" classname="pl.tomaszdziurko.guava.eventbus.EventBusTest"/>
</testsuite> <!-- pl.tomaszdziurko.guava.eventbus.EventBusTest -->
