<?xml version="1.0" encoding="UTF-8"?>
<!-- Generated by org.testng.reporters.JUnitReportReporter -->
<testsuite hostname="zach-MacBook-Pro.local" name="pl.tomaszdziurko.guava.base.FunctionsTest" tests="5" failures="0" timestamp="30 May 2017 13:41:20 GMT" time="0.003" errors="0">
  <testcase name="shouldComposeTwoFunctions" time="0.002" classname="pl.tomaszdziurko.guava.base.FunctionsTest"/>
  <testcase name="shouldUseForMapFunction" time="0.001" classname="pl.tomaszdziurko.guava.base.FunctionsTest"/>
  <testcase name="shouldPrintCountryWithCapitalCityUpperCase" time="0.000" classname="pl.tomaszdziurko.guava.base.FunctionsTest"/>
  <testcase name="shouldUseForMapFunctionWithNonExistingKey" time="0.000" classname="pl.tomaszdziurko.guava.base.FunctionsTest"/>
  <testcase name="shouldUseForMapFunctionWithDefaultValue" time="0.000" classname="pl.tomaszdziurko.guava.base.FunctionsTest"/>
</testsuite> <!-- pl.tomaszdziurko.guava.base.FunctionsTest -->
