<?xml version="1.0" encoding="UTF-8"?>
<!-- Generated by org.testng.reporters.JUnitReportReporter -->
<testsuite hostname="zach-MacBook-Pro.local" name="pl.tomaszdziurko.guava.base.CharMatcherTest" tests="22" failures="0" timestamp="30 May 2017 13:41:20 GMT" time="0.007" errors="0">
  <testcase name="shouldMatchDigitsWithWhitespace" time="0.000" classname="pl.tomaszdziurko.guava.base.CharMatcherTest"/>
  <testcase name="shouldRemoveAllExceptDigitsBetween3and6" time="0.000" classname="pl.tomaszdziurko.guava.base.CharMatcherTest"/>
  <testcase name="shouldMatchDigits" time="0.001" classname="pl.tomaszdziurko.guava.base.CharMatcherTest"/>
  <testcase name="shouldCountDigits" time="0.001" classname="pl.tomaszdziurko.guava.base.CharMatcherTest"/>
  <testcase name="shouldReplaceAllDigitsByX" time="0.000" classname="pl.tomaszdziurko.guava.base.CharMatcherTest"/>
  <testcase name="shouldRemoveStartingAndEndingDollarsAndKeepOtherUnchanged" time="0.000" classname="pl.tomaszdziurko.guava.base.CharMatcherTest"/>
  <testcase name="shouldRemoveStartingAndEndingDollarsOrWhitespaceAndKeepOtherUnchanged" time="0.000" classname="pl.tomaszdziurko.guava.base.CharMatcherTest"/>
  <testcase name="shouldReturnLastIndexOfFirstWhitespace" time="0.000" classname="pl.tomaszdziurko.guava.base.CharMatcherTest"/>
  <testcase name="shouldRemoveStartingEndEndingDollarsAndReplaceOthersWithX" time="0.000" classname="pl.tomaszdziurko.guava.base.CharMatcherTest"/>
  <testcase name="shouldMatchBreakingWhitespace" time="0.000" classname="pl.tomaszdziurko.guava.base.CharMatcherTest"/>
  <testcase name="shouldMatchAny" time="0.001" classname="pl.tomaszdziurko.guava.base.CharMatcherTest"/>
  <testcase name="shouldRemoveOnlyEndingDollarsAndKeepOtherUnchanged" time="0.000" classname="pl.tomaszdziurko.guava.base.CharMatcherTest"/>
  <testcase name="shouldRemoveOnlyStartingDollarsAndKeepOtherUnchanged" time="0.000" classname="pl.tomaszdziurko.guava.base.CharMatcherTest"/>
  <testcase name="shouldRetainDigitsOrWhiteSpaces" time="0.001" classname="pl.tomaszdziurko.guava.base.CharMatcherTest"/>
  <testcase name="shouldReturnFirstIndexOfFirstWhitespace" time="0.000" classname="pl.tomaszdziurko.guava.base.CharMatcherTest"/>
  <testcase name="shouldNotMatchChar" time="0.001" classname="pl.tomaszdziurko.guava.base.CharMatcherTest"/>
  <testcase name="shouldRetainNothingAsConstrainsAreExcluding" time="0.000" classname="pl.tomaszdziurko.guava.base.CharMatcherTest"/>
  <testcase name="shouldRetainOnlyDigits" time="0.000" classname="pl.tomaszdziurko.guava.base.CharMatcherTest"/>
  <testcase name="shouldMatchChar" time="0.001" classname="pl.tomaszdziurko.guava.base.CharMatcherTest"/>
  <testcase name="shouldRetainLettersAndDigits" time="0.000" classname="pl.tomaszdziurko.guava.base.CharMatcherTest"/>
  <testcase name="shouldCollapseAllDigitsByX" time="0.000" classname="pl.tomaszdziurko.guava.base.CharMatcherTest"/>
  <testcase name="shouldRemoveDigitsBetween3and6" time="0.001" classname="pl.tomaszdziurko.guava.base.CharMatcherTest"/>
</testsuite> <!-- pl.tomaszdziurko.guava.base.CharMatcherTest -->
