<?xml version="1.0" encoding="UTF-8"?>
<!-- Generated by org.testng.reporters.JUnitReportReporter -->
<testsuite hostname="zach-MacBook-Pro.local" name="pl.tomaszdziurko.guava.base.CharsetsTest" tests="1" failures="0" timestamp="30 May 2017 13:41:20 GMT" time="0.001" errors="0">
  <testcase name="shouldCreateSupportedInJavaCharset" time="0.001" classname="pl.tomaszdziurko.guava.base.CharsetsTest"/>
</testsuite> <!-- pl.tomaszdziurko.guava.base.CharsetsTest -->
