<?xml version="1.0" encoding="UTF-8"?>
<!-- Generated by org.testng.reporters.JUnitReportReporter -->
<testsuite hostname="zach-MacBook-Pro.local" name="pl.tomaszdziurko.guava.collect.MultisetTest" tests="3" failures="0" timestamp="30 May 2017 13:41:20 GMT" time="0.003" errors="0">
  <testcase name="shouldRetainOnlySelectedKeys" time="0.001" classname="pl.tomaszdziurko.guava.collect.MultisetTest"/>
  <testcase name="shouldUserCustomAddRemoveAndSetCount" time="0.000" classname="pl.tomaszdziurko.guava.collect.MultisetTest"/>
  <testcase name="shouldAddElementTwoTimes" time="0.002" classname="pl.tomaszdziurko.guava.collect.MultisetTest"/>
</testsuite> <!-- pl.tomaszdziurko.guava.collect.MultisetTest -->
