<?xml version="1.0" encoding="UTF-8"?>
<!-- Generated by org.testng.reporters.JUnitReportReporter -->
<testsuite hostname="zach-MacBook-Pro.local" name="pl.tomaszdziurko.guava.math.IntMathTest" tests="5" failures="0" timestamp="30 May 2017 13:41:20 GMT" time="0.001" errors="0">
  <testcase name="shouldCalculateGreatestCommonDivisor" time="0.000" classname="pl.tomaszdziurko.guava.math.IntMathTest"/>
  <testcase name="shouldDivideWithRoundingMode" time="0.000" classname="pl.tomaszdziurko.guava.math.IntMathTest"/>
  <testcase name="shouldThrowExceptionWhenOverflow" time="0.000" classname="pl.tomaszdziurko.guava.math.IntMathTest"/>
  <testcase name="shouldCalculateLogarithms" time="0.000" classname="pl.tomaszdziurko.guava.math.IntMathTest"/>
  <testcase name="shouldCalculateFactorial" time="0.001" classname="pl.tomaszdziurko.guava.math.IntMathTest"/>
</testsuite> <!-- pl.tomaszdziurko.guava.math.IntMathTest -->
