<?xml version="1.0" encoding="UTF-8"?>
<!-- Generated by org.testng.reporters.JUnitReportReporter -->
<testsuite hostname="zach-MacBook-Pro.local" name="pl.tomaszdziurko.guava.primitives.PrimitivesTest" tests="5" failures="0" timestamp="30 May 2017 13:41:20 GMT" time="0.001" errors="0">
  <testcase name="shouldJoinArrayUsingSeparator" time="0.001" classname="pl.tomaszdziurko.guava.primitives.PrimitivesTest"/>
  <testcase name="shouldFindMaxAndMinInArray" time="0.000" classname="pl.tomaszdziurko.guava.primitives.PrimitivesTest"/>
  <testcase name="shouldFindGivenNumberInArray" time="0.000" classname="pl.tomaszdziurko.guava.primitives.PrimitivesTest"/>
  <testcase name="shouldConcatArrays" time="0.000" classname="pl.tomaszdziurko.guava.primitives.PrimitivesTest"/>
  <testcase name="shouldFindIndexOfGivenNumber" time="0.000" classname="pl.tomaszdziurko.guava.primitives.PrimitivesTest"/>
</testsuite> <!-- pl.tomaszdziurko.guava.primitives.PrimitivesTest -->
