<?xml version="1.0" encoding="UTF-8"?>
<!-- Generated by org.testng.reporters.JUnitReportReporter -->
<testsuite hostname="zach-MacBook-Pro.local" name="pl.tomaszdziurko.guava.collect.ForwardingListTest" tests="1" failures="0" timestamp="30 May 2017 13:41:20 GMT" time="0.000" errors="0">
  <testcase name="shouldAddOppositeNumber" time="0.000" classname="pl.tomaszdziurko.guava.collect.ForwardingListTest"/>
</testsuite> <!-- pl.tomaszdziurko.guava.collect.ForwardingListTest -->
