<?xml version="1.0" encoding="UTF-8"?>
<!-- Generated by org.testng.reporters.JUnitReportReporter -->
<testsuite hostname="zach-MacBook-Pro.local" name="pl.tomaszdziurko.guava.base.CaseFormatTest" tests="3" failures="0" timestamp="30 May 2017 13:41:20 GMT" time="0.010" errors="0">
  <testcase name="shouldConvertToUpperUnderscore" time="0.000" classname="pl.tomaszdziurko.guava.base.CaseFormatTest"/>
  <testcase name="shouldConvertToLowerCamel" time="0.009" classname="pl.tomaszdziurko.guava.base.CaseFormatTest"/>
  <testcase name="shouldConvertToLowerHyphen" time="0.001" classname="pl.tomaszdziurko.guava.base.CaseFormatTest"/>
</testsuite> <!-- pl.tomaszdziurko.guava.base.CaseFormatTest -->
