<?xml version="1.0" encoding="UTF-8"?>
<!-- Generated by org.testng.reporters.JUnitReportReporter -->
<testsuite hostname="zach-MacBook-Pro.local" name="pl.tomaszdziurko.guava.base.JoinerTest" tests="5" failures="0" timestamp="30 May 2017 13:41:20 GMT" time="0.001" errors="0">
  <testcase name="shouldJoinWithCommas" time="0.000" classname="pl.tomaszdziurko.guava.base.JoinerTest"/>
  <testcase name="shouldJoinWithCommasAndOmitNulls" time="0.001" classname="pl.tomaszdziurko.guava.base.JoinerTest"/>
  <testcase name="shouldJoinMap" time="0.000" classname="pl.tomaszdziurko.guava.base.JoinerTest"/>
  <testcase name="shouldJoinWithCommasAndReplaceNullsWithWordNothing" time="0.000" classname="pl.tomaszdziurko.guava.base.JoinerTest"/>
  <testcase name="shouldThrowNullPointerException" time="0.000" classname="pl.tomaszdziurko.guava.base.JoinerTest"/>
</testsuite> <!-- pl.tomaszdziurko.guava.base.JoinerTest -->
