<?xml version="1.0" encoding="UTF-8"?>
<!-- Generated by org.testng.reporters.JUnitReportReporter -->
<testsuite hostname="zach-MacBook-Pro.local" name="pl.tomaszdziurko.guava.base.ThrowablesTest" tests="3" failures="0" timestamp="30 May 2017 13:41:20 GMT" time="0.013" errors="0">
  <testcase name="shouldListAllExceptionsChain" time="0.011" classname="pl.tomaszdziurko.guava.base.ThrowablesTest"/>
  <testcase name="shouldGetStackTrace" time="0.001" classname="pl.tomaszdziurko.guava.base.ThrowablesTest"/>
  <testcase name="shouldExtractInnermostException" time="0.001" classname="pl.tomaszdziurko.guava.base.ThrowablesTest"/>
</testsuite> <!-- pl.tomaszdziurko.guava.base.ThrowablesTest -->
