<?xml version="1.0" encoding="UTF-8"?>
<!-- Generated by org.testng.reporters.JUnitReportReporter -->
<testsuite hostname="zach-MacBook-Pro.local" name="pl.tomaszdziurko.guava.base.PreconditionsTest" tests="3" failures="0" timestamp="30 May 2017 13:41:20 GMT" time="0.002" errors="0">
  <testcase name="shouldNotAcceptNullFootballTeam" time="0.000" classname="pl.tomaszdziurko.guava.base.PreconditionsTest"/>
  <testcase name="shouldThrowIllegalState" time="0.001" classname="pl.tomaszdziurko.guava.base.PreconditionsTest"/>
  <testcase name="shouldNotAcceptNotFullFootballTeam" time="0.001" classname="pl.tomaszdziurko.guava.base.PreconditionsTest"/>
</testsuite> <!-- pl.tomaszdziurko.guava.base.PreconditionsTest -->
