<?xml version="1.0" encoding="UTF-8"?>
<!-- Generated by org.testng.reporters.JUnitReportReporter -->
<testsuite hostname="zach-MacBook-Pro.local" name="pl.tomaszdziurko.guava.collect.IterablesTest" tests="12" failures="0" timestamp="30 May 2017 13:41:20 GMT" time="0.007" errors="0">
  <testcase name="shouldFilterOutSomeNumbers" time="0.000" classname="pl.tomaszdziurko.guava.collect.IterablesTest"/>
  <testcase name="shouldRemoveNegativeNumbers" time="0.001" classname="pl.tomaszdziurko.guava.collect.IterablesTest"/>
  <testcase name="shouldReturnSelectedElementWithDefValue" time="0.001" classname="pl.tomaszdziurko.guava.collect.IterablesTest"/>
  <testcase name="shouldGetFirstAndLast" time="0.000" classname="pl.tomaszdziurko.guava.collect.IterablesTest"/>
  <testcase name="shouldCheckLengthOfAllElements" time="0.000" classname="pl.tomaszdziurko.guava.collect.IterablesTest"/>
  <testcase name="shouldFilterOnlyLongs" time="0.001" classname="pl.tomaszdziurko.guava.collect.IterablesTest"/>
  <testcase name="shouldCycleOverIterable" time="0.001" classname="pl.tomaszdziurko.guava.collect.IterablesTest"/>
  <testcase name="shouldConvertToArray" time="0.001" classname="pl.tomaszdziurko.guava.collect.IterablesTest"/>
  <testcase name="shouldPartition" time="0.001" classname="pl.tomaszdziurko.guava.collect.IterablesTest"/>
  <testcase name="shouldCountElementsInIterable" time="0.000" classname="pl.tomaszdziurko.guava.collect.IterablesTest"/>
  <testcase name="shouldConcat" time="0.001" classname="pl.tomaszdziurko.guava.collect.IterablesTest"/>
  <testcase name="shouldCheckIfAtLeastOneElementIsEmptyOrNull" time="0.000" classname="pl.tomaszdziurko.guava.collect.IterablesTest"/>
</testsuite> <!-- pl.tomaszdziurko.guava.collect.IterablesTest -->
