<?xml version="1.0" encoding="UTF-8"?>
<!-- Generated by org.testng.reporters.JUnitReportReporter -->
<testsuite hostname="zach-MacBook-Pro.local" name="pl.tomaszdziurko.guava.collect.RangesTest" tests="5" failures="0" timestamp="30 May 2017 13:41:20 GMT" time="0.009" errors="0">
  <testcase name="shouldCreateRangeForGivenNumbers" time="0.000" classname="pl.tomaszdziurko.guava.collect.RangesTest"/>
  <testcase name="shouldCheckThatRangeIsEnclosedInAnotherOne" time="0.001" classname="pl.tomaszdziurko.guava.collect.RangesTest"/>
  <testcase name="shouldCheckThatAllElementAreInRange" time="0.004" classname="pl.tomaszdziurko.guava.collect.RangesTest"/>
  <testcase name="shouldCheckThatElementIsInRange" time="0.000" classname="pl.tomaszdziurko.guava.collect.RangesTest"/>
  <testcase name="shouldGenerateSetOfElementsInRange" time="0.004" classname="pl.tomaszdziurko.guava.collect.RangesTest"/>
</testsuite> <!-- pl.tomaszdziurko.guava.collect.RangesTest -->
