<?xml version="1.0" encoding="UTF-8"?>
<!-- Generated by org.testng.reporters.JUnitReportReporter -->
<testsuite hostname="zach-MacBook-Pro.local" name="pl.tomaszdziurko.guava.base.SplitterTest" tests="5" failures="0" timestamp="30 May 2017 13:41:20 GMT" time="0.005" errors="0">
  <testcase name="shouldSplitForEqualLength" time="0.001" classname="pl.tomaszdziurko.guava.base.SplitterTest"/>
  <testcase name="shouldSplitAndOmitEmptyElementsAndWhitespaces" time="0.002" classname="pl.tomaszdziurko.guava.base.SplitterTest"/>
  <testcase name="shouldSplitOnRegExp" time="0.001" classname="pl.tomaszdziurko.guava.base.SplitterTest"/>
  <testcase name="shouldSplitUsingCharMatcher" time="0.001" classname="pl.tomaszdziurko.guava.base.SplitterTest"/>
  <testcase name="shouldSplitOnSemicolons" time="0.000" classname="pl.tomaszdziurko.guava.base.SplitterTest"/>
</testsuite> <!-- pl.tomaszdziurko.guava.base.SplitterTest -->
