<?xml version="1.0" encoding="UTF-8"?>
<!-- Generated by org.testng.reporters.JUnitReportReporter -->
<testsuite hostname="zach-MacBook-Pro.local" name="pl.tomaszdziurko.guava.collect.DiscreteDomainTest" tests="4" failures="0" timestamp="30 May 2017 13:41:20 GMT" time="0.002" errors="0">
  <testcase name="shouldReturnNextInt" time="0.000" classname="pl.tomaszdziurko.guava.collect.DiscreteDomainTest"/>
  <testcase name="shouldReturnPreviousInt" time="0.000" classname="pl.tomaszdziurko.guava.collect.DiscreteDomainTest"/>
  <testcase name="shouldReturnMaxAndMinInt" time="0.000" classname="pl.tomaszdziurko.guava.collect.DiscreteDomainTest"/>
  <testcase name="shouldReturnDistance" time="0.002" classname="pl.tomaszdziurko.guava.collect.DiscreteDomainTest"/>
</testsuite> <!-- pl.tomaszdziurko.guava.collect.DiscreteDomainTest -->
